Drill report for /home/hiromasa/devel/esp32/esp32-genesis-player/docs/pcb/kicad/genesis-sound-card-rev2.kicad_pcb
Created on 2021年12月20日 12時55分32秒

Copper Layer Stackup:
    =============================================================
    L1 :  F.Cu                      front
    L2 :  B.Cu                      back


Drill file 'genesis-sound-card-rev2.drl' contains
    plated through holes:
    =============================================================
    T1  0.40mm  0.016"  (2 holes)
    T2  0.76mm  0.030"  (51 holes)
    T3  0.80mm  0.031"  (14 holes)
    T4  1.00mm  0.039"  (14 holes)
    T5  1.10mm  0.043"  (4 holes)
    T6  2.20mm  0.087"  (4 holes)

    Total plated holes count 89


Not plated through holes are merged with plated holes
    unplated through holes:
    =============================================================

    Total unplated holes count 0
